#
# A fatal error has been detected by the Java Runtime Environment:
#
#  EXCEPTION_ACCESS_VIOLATION (0xc0000005) at pc=0x00000000, pid=2700, tid=8144
#
# JRE version: 6.0_45-b06
# Java VM: Java HotSpot(TM) Client VM (20.45-b01 mixed mode, sharing windows-x86 )
# Problematic frame:
# C  0x00000000
#
# If you would like to submit a bug report, please visit:
#   http://java.sun.com/webapps/bugreport/crash.jsp
# The crash happened outside the Java Virtual Machine in native code.
# See problematic frame for where to report the bug.
#

---------------  T H R E A D  ---------------

Current thread (0x003a7000):  JavaThread "main" [_thread_in_native, id=8144, stack(0x002b0000,0x00300000)]

siginfo: ExceptionCode=0xc0000005, reading address 0x00000000

Registers:
EAX=0x00000000, EBX=0x00000000, ECX=0x002ffc60, EDX=0x1008c56c
ESP=0x002ffba8, EBP=0x002ffc78, ESI=0x0054cecc, EDI=0x00000000
EIP=0x00000000, EFLAGS=0x00010206

Top of Stack: (sp=0x002ffba8)
0x002ffba8:   10061bb2 00000000 00000000 00000000
0x002ffbb8:   00000000 10008529 04c3e284 00000000
0x002ffbc8:   04c3e284 100084ca 00000000 00000000
0x002ffbd8:   04c3e284 100122e4 00000000 0054cec4
0x002ffbe8:   04c560c0 10008c6d 00000000 0054ced0
0x002ffbf8:   0054cec4 3472c268 00000000 002ffc78
0x002ffc08:   10004e4c 00000248 10008d70 00000000
0x002ffc18:   04c3ef60 0054cec0 10062dd4 23c9785d 

Instructions: (pc=0x00000000)
0xffffffe0:   


Register to memory mapping:

EAX=0x00000000 is an unknown value
EBX=0x00000000 is an unknown value
ECX=0x002ffc60 is pointing into the stack for thread: 0x003a7000
EDX=0x1008c56c is an unknown value
ESP=0x002ffba8 is pointing into the stack for thread: 0x003a7000
EBP=0x002ffc78 is pointing into the stack for thread: 0x003a7000
ESI=0x0054cecc is an unknown value
EDI=0x00000000 is an unknown value


Stack: [0x002b0000,0x00300000],  sp=0x002ffba8,  free space=318k
Java frames: (J=compiled Java code, j=interpreted, Vv=VM code)
j  nativeinterfaces.MarketDataNativeInterface.unSubscribeListener(Llisteners/DefaultCTPListener;)V+0
j  main.Startup.main([Ljava/lang/String;)V+180
v  ~StubRoutines::call_stub

---------------  P R O C E S S  ---------------

Java Threads: ( => current thread )
  0x01e16400 JavaThread "Low Memory Detector" daemon [_thread_blocked, id=1168, stack(0x04940000,0x04990000)]
  0x01e02000 JavaThread "C1 CompilerThread0" daemon [_thread_blocked, id=5448, stack(0x048b0000,0x04900000)]
  0x01e01800 JavaThread "Attach Listener" daemon [_thread_blocked, id=6884, stack(0x04820000,0x04870000)]
  0x01dff000 JavaThread "Signal Dispatcher" daemon [_thread_blocked, id=6520, stack(0x04790000,0x047e0000)]
  0x01ded400 JavaThread "Finalizer" daemon [_thread_blocked, id=6488, stack(0x04700000,0x04750000)]
  0x01deb800 JavaThread "Reference Handler" daemon [_thread_blocked, id=7024, stack(0x04670000,0x046c0000)]
=>0x003a7000 JavaThread "main" [_thread_in_native, id=8144, stack(0x002b0000,0x00300000)]

Other Threads:
  0x01daf800 VMThread [stack: 0x045e0000,0x04630000] [id=6988]
  0x01e21800 WatcherThread [stack: 0x049d0000,0x04a20000] [id=6984]

VM state:not at safepoint (normal execution)

VM Mutex/Monitor currently owned by a thread: None

Heap
 def new generation   total 4928K, used 1653K [0x24700000, 0x24c50000, 0x29c50000)
  eden space 4416K,  37% used [0x24700000, 0x2489d7e0, 0x24b50000)
  from space 512K,   0% used [0x24b50000, 0x24b50000, 0x24bd0000)
  to   space 512K,   0% used [0x24bd0000, 0x24bd0000, 0x24c50000)
 tenured generation   total 10944K, used 0K [0x29c50000, 0x2a700000, 0x34700000)
   the space 10944K,   0% used [0x29c50000, 0x29c50000, 0x29c50200, 0x2a700000)
 compacting perm gen  total 12288K, used 195K [0x34700000, 0x35300000, 0x38700000)
   the space 12288K,   1% used [0x34700000, 0x34730d58, 0x34730e00, 0x35300000)
    ro space 10240K,  55% used [0x38700000, 0x38c83dd8, 0x38c83e00, 0x39100000)
    rw space 12288K,  55% used [0x39100000, 0x397a6cd0, 0x397a6e00, 0x39d00000)

Code Cache  [0x024d0000, 0x02558000, 0x044d0000)
 total_blobs=161 nmethods=31 adapters=67 free_code_cache=33025472 largest_free_block=0

Dynamic libraries:
0x00400000 - 0x00425000 	C:\Program Files (x86)\Java\jdk1.6.0_45\bin\javaw.exe
0x77080000 - 0x77200000 	C:\Windows\SysWOW64\ntdll.dll
0x75550000 - 0x75660000 	C:\Windows\syswow64\kernel32.dll
0x74be0000 - 0x74c27000 	C:\Windows\syswow64\KERNELBASE.dll
0x74e30000 - 0x74ed0000 	C:\Windows\syswow64\ADVAPI32.dll
0x74b30000 - 0x74bdc000 	C:\Windows\syswow64\msvcrt.dll
0x751b0000 - 0x751c9000 	C:\Windows\SysWOW64\sechost.dll
0x75310000 - 0x75400000 	C:\Windows\syswow64\RPCRT4.dll
0x74ad0000 - 0x74b30000 	C:\Windows\syswow64\SspiCli.dll
0x74ac0000 - 0x74acc000 	C:\Windows\syswow64\CRYPTBASE.dll
0x757c0000 - 0x758c0000 	C:\Windows\syswow64\USER32.dll
0x75b90000 - 0x75c20000 	C:\Windows\syswow64\GDI32.dll
0x76020000 - 0x7602a000 	C:\Windows\syswow64\LPK.dll
0x75d50000 - 0x75ded000 	C:\Windows\syswow64\USP10.dll
0x74ed0000 - 0x74f30000 	C:\Windows\system32\IMM32.DLL
0x74c30000 - 0x74cfc000 	C:\Windows\syswow64\MSCTF.dll
0x74190000 - 0x741c5000 	C:\Windows\SysWOW64\nvinit.dll
0x7c340000 - 0x7c396000 	C:\Program Files (x86)\Java\jdk1.6.0_45\jre\bin\msvcr71.dll
0x6d8e0000 - 0x6db90000 	C:\Program Files (x86)\Java\jdk1.6.0_45\jre\bin\client\jvm.dll
0x71c30000 - 0x71c62000 	C:\Windows\system32\WINMM.dll
0x71e00000 - 0x71e4c000 	C:\Windows\system32\apphelp.dll
0x6d890000 - 0x6d89c000 	C:\Program Files (x86)\Java\jdk1.6.0_45\jre\bin\verify.dll
0x6d3e0000 - 0x6d3ff000 	C:\Program Files (x86)\Java\jdk1.6.0_45\jre\bin\java.dll
0x6d8d0000 - 0x6d8df000 	C:\Program Files (x86)\Java\jdk1.6.0_45\jre\bin\zip.dll
0x5ec50000 - 0x5ec58000 	C:\dll\CTPDLL.dll
0x10000000 - 0x101c5000 	C:\dll\thostmduserapi.dll
0x71ed0000 - 0x71eec000 	C:\Windows\system32\iphlpapi.dll
0x75c20000 - 0x75c26000 	C:\Windows\syswow64\NSI.dll
0x71ec0000 - 0x71ec7000 	C:\Windows\system32\WINNSI.DLL
0x6fba0000 - 0x6fba7000 	C:\Windows\system32\WSOCK32.dll
0x75b50000 - 0x75b85000 	C:\Windows\syswow64\WS2_32.dll
0x658a0000 - 0x65972000 	C:\Windows\system32\MSVCR110.dll
0x656f0000 - 0x65775000 	C:\Windows\system32\MSVCP110.dll
0x720e0000 - 0x7211c000 	C:\Windows\system32\mswsock.dll
0x720d0000 - 0x720d5000 	C:\Windows\System32\wshtcpip.dll
0x71e90000 - 0x71ea2000 	C:\Windows\system32\dhcpcsvc.DLL
0x75100000 - 0x75105000 	C:\Windows\system32\PSAPI.DLL

VM Arguments:
jvm_args: -Djava.library.path=C:\DLL -Dfile.encoding=Cp1252 
java_command: main.Startup
Launcher Type: SUN_STANDARD

Environment Variables:
JAVA_HOME=C:\Program Files\Java\jdk1.6.0_37\bin
PATH=C:/Program Files/Java/jdk1.6.0_37/bin/../jre/bin/server;C:/Program Files/Java/jdk1.6.0_37/bin/../jre/bin;C:/Program Files/Java/jdk1.6.0_37/bin/../jre/lib/amd64;C:\Program Files\Java\jdk1.6.0_37\bin;C:\Maven\apache-maven-3.0.4-bin\apache-maven-3.0.4\bin;C:\Program Files\Common Files\Microsoft Shared\Windows Live;C:\Program Files (x86)\Common Files\Microsoft Shared\Windows Live;C:\Program Files (x86)\Intel\iCLS Client\;C:\Program Files\Intel\iCLS Client\;C:\Program Files (x86)\NVIDIA Corporation\PhysX\Common;C:\Windows\system32;C:\Windows;C:\Windows\System32\Wbem;C:\Windows\System32\WindowsPowerShell\v1.0\;C:\Program Files\Intel\WiFi\bin\;C:\Program Files\Common Files\Intel\WirelessCommon\;C:\Program Files\Intel\Intel(R) Management Engine Components\DAL;C:\Program Files\Intel\Intel(R) Management Engine Components\IPT;C:\Program Files (x86)\Intel\Intel(R) Management Engine Components\DAL;C:\Program Files (x86)\Intel\Intel(R) Management Engine Components\IPT;C:\Program Files (x86)\Windows Live\Shared;C:\ant\apache-ant-1.8.4-bin\apache-ant-1.8.4\bin\;C:\Program Files\MySQL\MySQL Server 5.5\bin;C:\Program Files (x86)\Intel\OpenCL SDK\2.0\bin\x86;C:\Program Files (x86)\Intel\OpenCL SDK\2.0\bin\x64;C:\Program Files\Microsoft\Web Platform Installer\;C:\Program Files (x86)\Microsoft ASP.NET\ASP.NET Web Pages\v1.0\;C:\Program Files\Microsoft SQL Server\110\Tools\Binn\;c:\Program Files (x86)\Microsoft SQL Server\100\Tools\Binn\;c:\Program Files\Microsoft SQL Server\100\Tools\Binn\;c:\Program Files\Microsoft SQL Server\100\DTS\Binn\;C:\Program Files\TortoiseSVN\bin;C:\Program Files\MATLAB\R2011a\runtime\win64;C:\Program Files\MATLAB\R2011a\bin;C:\dll;C:\Program Files (x86)\MATLAB\R2011a\runtime\win32;C:\Program Files (x86)\MATLAB\R2011a\bin;C:\Program Files (x86)\Git\bin;C:\HashiCorp\Vagrant\bin;C:\Users\bgussiaas\Desktop\eclipse-jee-juno-SR1-win32-x86_64\eclipse;
USERNAME=bgussiaas
OS=Windows_NT
PROCESSOR_IDENTIFIER=Intel64 Family 6 Model 58 Stepping 9, GenuineIntel



---------------  S Y S T E M  ---------------

OS: Windows 7 , 64 bit Build 7601 Service Pack 1

CPU:total 4 (2 cores per cpu, 2 threads per core) family 6 model 58 stepping 9, cmov, cx8, fxsr, mmx, sse, sse2, sse3, ssse3, sse4.1, sse4.2, popcnt, ht

Memory: 4k page, physical 8248660k(3351588k free), swap 16495460k(11220252k free)

vm_info: Java HotSpot(TM) Client VM (20.45-b01) for windows-x86 JRE (1.6.0_45-b06), built on Mar 26 2013 13:40:03 by "java_re" with MS VC++ 7.1 (VS2003)

time: Sun Jul 07 16:44:23 2013
elapsed time: 1 seconds

